rewalker/android/app/build/intermediates/manifest_merge_blame_file/release/processReleaseMainManifest/manifest-merger-blame-release-report.txt
1<?xml version="1.0" encoding="utf-8"?>
2<manifest xmlns:android="http://schemas.android.com/apk/res/android"
3    package="com.example.rewalker"
4    android:versionCode="1"
5    android:versionName="0.1.0" >
6
7    <uses-sdk
8        android:minSdkVersion="21"
9        android:targetSdkVersion="35" />
10    <!--
11         Required to query activities that can process text, see:
12         https://developer.android.com/training/package-visibility and
13         https://developer.android.com/reference/android/content/Intent#ACTION_PROCESS_TEXT.
14
15         In particular, this is used by the Flutter engine in io.flutter.plugin.text.ProcessTextPlugin.
16    -->
17    <queries>
17-->src\main\AndroidManifest.xml:41:5-46:15
18        <intent>
18-->src\main\AndroidManifest.xml:42:9-45:18
19            <action android:name="android.intent.action.PROCESS_TEXT" />
19-->src\main\AndroidManifest.xml:43:13-72
19-->src\main\AndroidManifest.xml:43:21-70
20
21            <data android:mimeType="text/plain" />
21-->src\main\AndroidManifest.xml:44:13-50
21-->src\main\AndroidManifest.xml:44:19-48
22        </intent>
23        <!-- Needs to be explicitly declared on Android R+ -->
24        <package android:name="com.google.android.apps.maps" />
24-->[com.google.android.gms:play-services-maps:18.2.0] AndroidManifest.xml:33:9-64
24-->[com.google.android.gms:play-services-maps:18.2.0] AndroidManifest.xml:33:18-61
25    </queries>
26    <!-- Include required permissions for Google Maps API to run. -->
27    <uses-permission android:name="android.permission.ACCESS_NETWORK_STATE" />
27-->[com.google.android.gms:play-services-maps:18.2.0] AndroidManifest.xml:23:5-79
27-->[com.google.android.gms:play-services-maps:18.2.0] AndroidManifest.xml:23:22-76
28    <uses-permission android:name="android.permission.INTERNET" />
28-->[com.google.android.gms:play-services-maps:18.2.0] AndroidManifest.xml:24:5-67
28-->[com.google.android.gms:play-services-maps:18.2.0] AndroidManifest.xml:24:22-64
29
30    <uses-feature
30-->[com.google.android.gms:play-services-maps:18.2.0] AndroidManifest.xml:26:5-28:35
31        android:glEsVersion="0x00020000"
31-->[com.google.android.gms:play-services-maps:18.2.0] AndroidManifest.xml:27:9-41
32        android:required="true" />
32-->[com.google.android.gms:play-services-maps:18.2.0] AndroidManifest.xml:28:9-32
33
34    <permission
34-->[androidx.core:core:1.13.1] AndroidManifest.xml:22:5-24:47
35        android:name="com.example.rewalker.DYNAMIC_RECEIVER_NOT_EXPORTED_PERMISSION"
35-->[androidx.core:core:1.13.1] AndroidManifest.xml:23:9-81
36        android:protectionLevel="signature" />
36-->[androidx.core:core:1.13.1] AndroidManifest.xml:24:9-44
37
38    <uses-permission android:name="com.example.rewalker.DYNAMIC_RECEIVER_NOT_EXPORTED_PERMISSION" />
38-->[androidx.core:core:1.13.1] AndroidManifest.xml:26:5-97
38-->[androidx.core:core:1.13.1] AndroidManifest.xml:26:22-94
39
40    <application
41        android:name="android.app.Application"
41-->src\main\AndroidManifest.xml:4:9-42
42        android:appComponentFactory="androidx.core.app.CoreComponentFactory"
42-->[androidx.core:core:1.13.1] AndroidManifest.xml:28:18-86
43        android:extractNativeLibs="true"
44        android:icon="@mipmap/ic_launcher"
44-->src\main\AndroidManifest.xml:5:9-43
45        android:label="Midnight Never End" >
45-->src\main\AndroidManifest.xml:3:9-43
46        <activity
46-->src\main\AndroidManifest.xml:6:9-29:20
47            android:name="com.example.tela_de_login.MainActivity"
47-->src\main\AndroidManifest.xml:7:13-41
48            android:configChanges="orientation|keyboardHidden|keyboard|screenSize|smallestScreenSize|locale|layoutDirection|fontScale|screenLayout|density|uiMode"
48-->src\main\AndroidManifest.xml:12:13-163
49            android:enableOnBackInvokedCallback="true"
49-->src\main\AndroidManifest.xml:15:13-55
50            android:exported="true"
50-->src\main\AndroidManifest.xml:8:13-36
51            android:hardwareAccelerated="true"
51-->src\main\AndroidManifest.xml:13:13-47
52            android:launchMode="singleTop"
52-->src\main\AndroidManifest.xml:9:13-43
53            android:taskAffinity=""
53-->src\main\AndroidManifest.xml:10:13-36
54            android:theme="@style/LaunchTheme"
54-->src\main\AndroidManifest.xml:11:13-47
55            android:windowSoftInputMode="adjustResize" >
55-->src\main\AndroidManifest.xml:14:13-55
56
57            <!--
58                 Specifies an Android theme to apply to this Activity as soon as
59                 the Android process has started. This theme is visible to the user
60                 while the Flutter UI initializes. After that, this theme continues
61                 to determine the Window background behind the Flutter UI.
62            -->
63            <meta-data
63-->src\main\AndroidManifest.xml:21:13-24:17
64                android:name="io.flutter.embedding.android.NormalTheme"
64-->src\main\AndroidManifest.xml:22:15-70
65                android:resource="@style/NormalTheme" />
65-->src\main\AndroidManifest.xml:23:15-52
66
67            <intent-filter>
67-->src\main\AndroidManifest.xml:25:13-28:29
68                <action android:name="android.intent.action.MAIN" />
68-->src\main\AndroidManifest.xml:26:17-68
68-->src\main\AndroidManifest.xml:26:25-66
69
70                <category android:name="android.intent.category.LAUNCHER" />
70-->src\main\AndroidManifest.xml:27:17-76
70-->src\main\AndroidManifest.xml:27:27-74
71            </intent-filter>
72        </activity>
73        <!--
74             Don't delete the meta-data below.
75             This is used by the Flutter tool to generate GeneratedPluginRegistrant.java
76        -->
77        <meta-data
77-->src\main\AndroidManifest.xml:32:9-34:33
78            android:name="flutterEmbedding"
78-->src\main\AndroidManifest.xml:33:13-44
79            android:value="2" />
79-->src\main\AndroidManifest.xml:34:13-30
80
81        <service
81-->[:geolocator_android] AndroidManifest.xml:8:9-12:56
82            android:name="com.baseflow.geolocator.GeolocatorLocationService"
82-->[:geolocator_android] AndroidManifest.xml:9:13-77
83            android:enabled="true"
83-->[:geolocator_android] AndroidManifest.xml:10:13-35
84            android:exported="false"
84-->[:geolocator_android] AndroidManifest.xml:11:13-37
85            android:foregroundServiceType="location" />
85-->[:geolocator_android] AndroidManifest.xml:12:13-53
86
87        <uses-library
87-->[androidx.window:window:1.2.0] AndroidManifest.xml:23:9-25:40
88            android:name="androidx.window.extensions"
88-->[androidx.window:window:1.2.0] AndroidManifest.xml:24:13-54
89            android:required="false" />
89-->[androidx.window:window:1.2.0] AndroidManifest.xml:25:13-37
90        <uses-library
90-->[androidx.window:window:1.2.0] AndroidManifest.xml:26:9-28:40
91            android:name="androidx.window.sidecar"
91-->[androidx.window:window:1.2.0] AndroidManifest.xml:27:13-51
92            android:required="false" /> <!-- Needs to be explicitly declared on P+ -->
92-->[androidx.window:window:1.2.0] AndroidManifest.xml:28:13-37
93        <uses-library
93-->[com.google.android.gms:play-services-maps:18.2.0] AndroidManifest.xml:39:9-41:40
94            android:name="org.apache.http.legacy"
94-->[com.google.android.gms:play-services-maps:18.2.0] AndroidManifest.xml:40:13-50
95            android:required="false" />
95-->[com.google.android.gms:play-services-maps:18.2.0] AndroidManifest.xml:41:13-37
96
97        <activity
97-->[com.google.android.gms:play-services-base:18.3.0] AndroidManifest.xml:20:9-22:45
98            android:name="com.google.android.gms.common.api.GoogleApiActivity"
98-->[com.google.android.gms:play-services-base:18.3.0] AndroidManifest.xml:20:19-85
99            android:exported="false"
99-->[com.google.android.gms:play-services-base:18.3.0] AndroidManifest.xml:22:19-43
100            android:theme="@android:style/Theme.Translucent.NoTitleBar" />
100-->[com.google.android.gms:play-services-base:18.3.0] AndroidManifest.xml:21:19-78
101
102        <meta-data
102-->[com.google.android.gms:play-services-basement:18.3.0] AndroidManifest.xml:21:9-23:69
103            android:name="com.google.android.gms.version"
103-->[com.google.android.gms:play-services-basement:18.3.0] AndroidManifest.xml:22:13-58
104            android:value="@integer/google_play_services_version" />
104-->[com.google.android.gms:play-services-basement:18.3.0] AndroidManifest.xml:23:13-66
105
106        <provider
106-->[androidx.lifecycle:lifecycle-process:2.7.0] AndroidManifest.xml:24:9-32:20
107            android:name="androidx.startup.InitializationProvider"
107-->[androidx.lifecycle:lifecycle-process:2.7.0] AndroidManifest.xml:25:13-67
108            android:authorities="com.example.rewalker.androidx-startup"
108-->[androidx.lifecycle:lifecycle-process:2.7.0] AndroidManifest.xml:26:13-68
109            android:exported="false" >
109-->[androidx.lifecycle:lifecycle-process:2.7.0] AndroidManifest.xml:27:13-37
110            <meta-data
110-->[androidx.lifecycle:lifecycle-process:2.7.0] AndroidManifest.xml:29:13-31:52
111                android:name="androidx.lifecycle.ProcessLifecycleInitializer"
111-->[androidx.lifecycle:lifecycle-process:2.7.0] AndroidManifest.xml:30:17-78
112                android:value="androidx.startup" />
112-->[androidx.lifecycle:lifecycle-process:2.7.0] AndroidManifest.xml:31:17-49
113            <meta-data
113-->[androidx.profileinstaller:profileinstaller:1.3.1] AndroidManifest.xml:29:13-31:52
114                android:name="androidx.profileinstaller.ProfileInstallerInitializer"
114-->[androidx.profileinstaller:profileinstaller:1.3.1] AndroidManifest.xml:30:17-85
115                android:value="androidx.startup" />
115-->[androidx.profileinstaller:profileinstaller:1.3.1] AndroidManifest.xml:31:17-49
116        </provider>
117
118        <receiver
118-->[androidx.profileinstaller:profileinstaller:1.3.1] AndroidManifest.xml:34:9-52:20
119            android:name="androidx.profileinstaller.ProfileInstallReceiver"
119-->[androidx.profileinstaller:profileinstaller:1.3.1] AndroidManifest.xml:35:13-76
120            android:directBootAware="false"
120-->[androidx.profileinstaller:profileinstaller:1.3.1] AndroidManifest.xml:36:13-44
121            android:enabled="true"
121-->[androidx.profileinstaller:profileinstaller:1.3.1] AndroidManifest.xml:37:13-35
122            android:exported="true"
122-->[androidx.profileinstaller:profileinstaller:1.3.1] AndroidManifest.xml:38:13-36
123            android:permission="android.permission.DUMP" >
123-->[androidx.profileinstaller:profileinstaller:1.3.1] AndroidManifest.xml:39:13-57
124            <intent-filter>
124-->[androidx.profileinstaller:profileinstaller:1.3.1] AndroidManifest.xml:40:13-42:29
125                <action android:name="androidx.profileinstaller.action.INSTALL_PROFILE" />
125-->[androidx.profileinstaller:profileinstaller:1.3.1] AndroidManifest.xml:41:17-91
125-->[androidx.profileinstaller:profileinstaller:1.3.1] AndroidManifest.xml:41:25-88
126            </intent-filter>
127            <intent-filter>
127-->[androidx.profileinstaller:profileinstaller:1.3.1] AndroidManifest.xml:43:13-45:29
128                <action android:name="androidx.profileinstaller.action.SKIP_FILE" />
128-->[androidx.profileinstaller:profileinstaller:1.3.1] AndroidManifest.xml:44:17-85
128-->[androidx.profileinstaller:profileinstaller:1.3.1] AndroidManifest.xml:44:25-82
129            </intent-filter>
130            <intent-filter>
130-->[androidx.profileinstaller:profileinstaller:1.3.1] AndroidManifest.xml:46:13-48:29
131                <action android:name="androidx.profileinstaller.action.SAVE_PROFILE" />
131-->[androidx.profileinstaller:profileinstaller:1.3.1] AndroidManifest.xml:47:17-88
131-->[androidx.profileinstaller:profileinstaller:1.3.1] AndroidManifest.xml:47:25-85
132            </intent-filter>
133            <intent-filter>
133-->[androidx.profileinstaller:profileinstaller:1.3.1] AndroidManifest.xml:49:13-51:29
134                <action android:name="androidx.profileinstaller.action.BENCHMARK_OPERATION" />
134-->[androidx.profileinstaller:profileinstaller:1.3.1] AndroidManifest.xml:50:17-95
134-->[androidx.profileinstaller:profileinstaller:1.3.1] AndroidManifest.xml:50:25-92
135            </intent-filter>
136        </receiver>
137    </application>
138
139</manifest>